<?xml version="1.0" encoding="UTF-8"?>
<!-- Generated by org.testng.reporters.JUnitReportReporter -->
<testsuite hostname="DESKTOP-5TOEOP5" name="firstproject.NewTest" tests="1" failures="0" timestamp="31 Mar 2019 01:47:11 GMT" time="2.335" errors="0">
  <testcase name="testEasy" time="2.335" classname="firstproject.NewTest"/>
</testsuite> <!-- firstproject.NewTest -->
