<?xml version="1.0" encoding="UTF-8"?>
<!-- Generated by org.testng.reporters.JUnitReportReporter -->
<testsuite hostname="DESKTOP-5TOEOP5" name="firstproject.NewTest" tests="1" failures="0" timestamp="1 Apr 2019 23:24:10 GMT" time="2.847" errors="0">
  <testcase name="testEasy" time="2.847" classname="firstproject.NewTest"/>
</testsuite> <!-- firstproject.NewTest -->
